[INFO] Scanning for projects...
[INFO] 
[INFO] ----------------------< com.sapient:demoproject >-----------------------
[INFO] Building demoproject 1.0-SNAPSHOT
[INFO] --------------------------------[ jar ]---------------------------------
[INFO] 
[INFO] --- maven-clean-plugin:2.5:clean (default-clean) @ demoproject ---
[INFO] 
[INFO] --- maven-resources-plugin:2.6:resources (default-resources) @ demoproject ---
[WARNING] Using platform encoding (Cp1252 actually) to copy filtered resources, i.e. build is platform dependent!
[INFO] skip non existing resourceDirectory C:\Users\dell\Desktop\tasks\maven\demoproject\src\main\resources
[INFO] 
[INFO] --- maven-compiler-plugin:3.8.1:compile (default-compile) @ demoproject ---
[INFO] Changes detected - recompiling the module!
[WARNING] File encoding has not been set, using platform encoding Cp1252, i.e. build is platform dependent!
[INFO] Compiling 1 source file to C:\Users\dell\Desktop\tasks\maven\demoproject\target\classes
[INFO] 
[INFO] --- maven-resources-plugin:2.6:testResources (default-testResources) @ demoproject ---
[WARNING] Using platform encoding (Cp1252 actually) to copy filtered resources, i.e. build is platform dependent!
[INFO] skip non existing resourceDirectory C:\Users\dell\Desktop\tasks\maven\demoproject\src\test\resources
[INFO] 
[INFO] --- maven-compiler-plugin:3.8.1:testCompile (default-testCompile) @ demoproject ---
[INFO] Changes detected - recompiling the module!
[WARNING] File encoding has not been set, using platform encoding Cp1252, i.e. build is platform dependent!
[INFO] Compiling 1 source file to C:\Users\dell\Desktop\tasks\maven\demoproject\target\test-classes
[INFO] 
[INFO] --- maven-surefire-plugin:2.12.4:test (default-test) @ demoproject ---
[INFO] Surefire report directory: C:\Users\dell\Desktop\tasks\maven\demoproject\target\surefire-reports
Downloading from central: https://repo.maven.apache.org/maven2/org/apache/maven/surefire/surefire-junit3/2.12.4/surefire-junit3-2.12.4.pom
Progress (1): 1.7 kB                    Downloaded from central: https://repo.maven.apache.org/maven2/org/apache/maven/surefire/surefire-junit3/2.12.4/surefire-junit3-2.12.4.pom (1.7 kB at 424 B/s)
Downloading from central: https://repo.maven.apache.org/maven2/org/apache/maven/surefire/surefire-junit3/2.12.4/surefire-junit3-2.12.4.jar
Progress (1): 2.7/26 kBProgress (1): 5.5/26 kBProgress (1): 8.2/26 kBProgress (1): 11/26 kB Progress (1): 14/26 kBProgress (1): 16/26 kBProgress (1): 19/26 kBProgress (1): 22/26 kBProgress (1): 25/26 kBProgress (1): 26 kB                      Downloaded from central: https://repo.maven.apache.org/maven2/org/apache/maven/surefire/surefire-junit3/2.12.4/surefire-junit3-2.12.4.jar (26 kB at 18 kB/s)

-------------------------------------------------------
 T E S T S
-------------------------------------------------------
Running com.sapient.AppTest
Tests run: 1, Failures: 0, Errors: 0, Skipped: 0, Time elapsed: 0.01 sec

Results :

Tests run: 1, Failures: 0, Errors: 0, Skipped: 0

[INFO] 
[INFO] --- maven-jar-plugin:2.4:jar (default-jar) @ demoproject ---
[INFO] Building jar: C:\Users\dell\Desktop\tasks\maven\demoproject\target\demoproject-1.0-SNAPSHOT.jar
[INFO] 
[INFO] --- maven-install-plugin:2.4:install (default-install) @ demoproject ---
[INFO] Installing C:\Users\dell\Desktop\tasks\maven\demoproject\target\demoproject-1.0-SNAPSHOT.jar to C:\Users\dell\.m2\repository\com\sapient\demoproject\1.0-SNAPSHOT\demoproject-1.0-SNAPSHOT.jar
[INFO] Installing C:\Users\dell\Desktop\tasks\maven\demoproject\pom.xml to C:\Users\dell\.m2\repository\com\sapient\demoproject\1.0-SNAPSHOT\demoproject-1.0-SNAPSHOT.pom
[INFO] ------------------------------------------------------------------------
[INFO] BUILD SUCCESS
[INFO] ------------------------------------------------------------------------
[INFO] Total time:  8.900 s
[INFO] Finished at: 2020-08-20T18:37:04+05:30
[INFO] ------------------------------------------------------------------------
